<?xml version="1.0" encoding="UTF-8"?>
<!-- Generated by org.testng.reporters.JUnitReportReporter -->
<testsuite hostname="DESKTOP-MNF0ODJ" failures="0" tests="2" name="qaclickacademy.RestTest" time="0.002" errors="0" timestamp="28 Apr 2020 23:07:01 GMT">
  <testcase classname="qaclickacademy.RestTest" name="browsetest3" time="0.001"/>
  <testcase classname="qaclickacademy.RestTest" name="browsetest4" time="0.001"/>
</testsuite> <!-- qaclickacademy.RestTest -->
