<?xml version="1.0" encoding="UTF-8"?>
<!-- Generated by org.testng.reporters.JUnitReportReporter -->
<testsuite hostname="DESKTOP-MNF0ODJ" failures="0" tests="2" name="qaclickacademy.SeleniumTest" time="0.022" errors="0" timestamp="28 Apr 2020 23:07:01 GMT">
  <testcase classname="qaclickacademy.SeleniumTest" name="browsetest2" time="0.000"/>
  <testcase classname="qaclickacademy.SeleniumTest" name="browsetest" time="0.022"/>
</testsuite> <!-- qaclickacademy.SeleniumTest -->
