<?xml version="1.0" encoding="UTF-8"?>
<!-- Generated by org.testng.reporters.JUnitReportReporter -->
<testsuite hostname="DESKTOP-MNF0ODJ" failures="0" tests="1" name="qaclickacademy.AppTest" time="0.012" errors="0" timestamp="28 Apr 2020 22:53:19 GMT">
  <testcase classname="qaclickacademy.AppTest" name="testApp" time="0.012"/>
</testsuite> <!-- qaclickacademy.AppTest -->
